<?xml version="1.0" encoding="UTF-8"?>
<!-- Generated by org.testng.reporters.JUnitReportReporter -->
<testsuite hostname="mc1junb257" failures="0" tests="1" name="MilestoneAss2.PersonManagement.AppTest" time="0.021" errors="0" timestamp="2022-08-18T11:25:16 GMT+05:30" skipped="0">
  <testcase classname="MilestoneAss2.PersonManagement.AppTest" name="shouldAnswerWithTrue" time="0.021"/>
</testsuite> <!-- MilestoneAss2.PersonManagement.AppTest -->
